2015.03.24 22:49:27.295 CST INFO: *** SYSTEM START ***
2015.03.24 22:49:27.708 CST WARNING: [Local Folder Repository] The specified file must be a directory. (C:\Users\sj\Workspaces\MyEclipse 10\XQRobot\plugins\edu.stanford.smi.protegex.owl) -- LocalFolderRepository.update()
2015.03.24 22:49:27.734 CST INFO: Loading triples for: null -- ProtegeOWLParser.loadTriples()
2015.03.24 22:49:27.971 CST INFO:     Completed triple loading after 235 ms -- ProtegeOWLParser.loadTriples()
2015.03.24 22:49:27.972 CST INFO: Postprocess: Process entities with incorrect Java type (0 entities) ...  -- TriplePostProcessor.processFramesWithWrongJavaType()
2015.03.24 22:49:27.972 CST INFO: 0 ms
 -- TriplePostProcessor.processFramesWithWrongJavaType()
2015.03.24 22:49:27.972 CST INFO: Postprocess: Process metaclasses (3 metaclasses) ...  -- TriplePostProcessor.processMetaclasses()
2015.03.24 22:49:27.973 CST INFO: 0 ms
 -- TriplePostProcessor.processMetaclasses()
2015.03.24 22:49:27.973 CST INFO: Postprocess: Process subclasses of rdf:List (1 classes) ...  -- TriplePostProcessor.processSubclassesOfRdfList()
2015.03.24 22:49:27.973 CST INFO: 0 ms
 -- TriplePostProcessor.processSubclassesOfRdfList()
2015.03.24 22:49:27.973 CST INFO: Postprocess: Instances with multiple types (255 instances) ...  -- TriplePostProcessor.processInstancesWithMultipleTypes()
2015.03.24 22:49:27.975 CST INFO: 1 ms
 -- TriplePostProcessor.processInstancesWithMultipleTypes()
2015.03.24 22:49:27.976 CST INFO: Postprocess: Add inferred superclasses ...  -- TriplePostProcessor.processInferredSuperclasses()
2015.03.24 22:49:27.983 CST INFO: 7 ms
 -- TriplePostProcessor.processInferredSuperclasses()
2015.03.24 22:49:27.986 CST INFO: Postprocess: Process orphan classes (687 classes) ...  -- TriplePostProcessor.processOrphanClses()
2015.03.24 22:49:29.468 CST INFO: 1481 ms
 -- TriplePostProcessor.processOrphanClses()
2015.03.24 22:49:29.468 CST INFO: Postprocess: Generalized Concept Inclusion (0 axioms) ...  -- TriplePostProcessor.processGeneralizedConceptInclusions()
2015.03.24 22:49:29.469 CST INFO: 1 ms
 -- TriplePostProcessor.processGeneralizedConceptInclusions()
2015.03.24 22:49:29.469 CST INFO: Postprocess: Abstract classes...  -- TriplePostProcessor.processAbstractClasses()
2015.03.24 22:49:29.470 CST INFO: 0 ms
 -- TriplePostProcessor.processAbstractClasses()
2015.03.24 22:49:29.470 CST INFO: Postprocess: Domain and range of properties...  -- TriplePostProcessor.processDomainAndRange()
2015.03.24 22:49:29.470 CST INFO: 0 ms
 -- TriplePostProcessor.processDomainAndRange()
2015.03.24 22:49:29.470 CST INFO: Postprocess: Possibly typed entities (0 resources) ...  -- TriplePostProcessor.processPossiblyTypedResources()
2015.03.24 22:49:29.471 CST INFO: 0 ms
 -- TriplePostProcessor.processPossiblyTypedResources()
2015.03.24 22:49:29.471 CST INFO: Updating underlying frames model in 0 ms -- ProtegeOWLParser.doFinalPostProcessing()
2015.03.24 22:57:44.322 CST INFO: *** SYSTEM START ***
2015.03.24 22:57:44.722 CST WARNING: [Local Folder Repository] The specified file must be a directory. (C:\Users\sj\Workspaces\MyEclipse 10\XQRobot\plugins\edu.stanford.smi.protegex.owl) -- LocalFolderRepository.update()
2015.03.24 22:57:44.746 CST INFO: Loading triples for: null -- ProtegeOWLParser.loadTriples()
2015.03.24 22:57:44.974 CST INFO:     Completed triple loading after 226 ms -- ProtegeOWLParser.loadTriples()
2015.03.24 22:57:44.975 CST INFO: Postprocess: Process entities with incorrect Java type (0 entities) ...  -- TriplePostProcessor.processFramesWithWrongJavaType()
2015.03.24 22:57:44.975 CST INFO: 0 ms
 -- TriplePostProcessor.processFramesWithWrongJavaType()
2015.03.24 22:57:44.976 CST INFO: Postprocess: Process metaclasses (3 metaclasses) ...  -- TriplePostProcessor.processMetaclasses()
2015.03.24 22:57:44.976 CST INFO: 0 ms
 -- TriplePostProcessor.processMetaclasses()
2015.03.24 22:57:44.977 CST INFO: Postprocess: Process subclasses of rdf:List (1 classes) ...  -- TriplePostProcessor.processSubclassesOfRdfList()
2015.03.24 22:57:44.977 CST INFO: 0 ms
 -- TriplePostProcessor.processSubclassesOfRdfList()
2015.03.24 22:57:44.977 CST INFO: Postprocess: Instances with multiple types (255 instances) ...  -- TriplePostProcessor.processInstancesWithMultipleTypes()
2015.03.24 22:57:44.979 CST INFO: 2 ms
 -- TriplePostProcessor.processInstancesWithMultipleTypes()
2015.03.24 22:57:44.979 CST INFO: Postprocess: Add inferred superclasses ...  -- TriplePostProcessor.processInferredSuperclasses()
2015.03.24 22:57:44.985 CST INFO: 6 ms
 -- TriplePostProcessor.processInferredSuperclasses()
2015.03.24 22:57:44.988 CST INFO: Postprocess: Process orphan classes (687 classes) ...  -- TriplePostProcessor.processOrphanClses()
2015.03.24 22:57:46.503 CST INFO: 1515 ms
 -- TriplePostProcessor.processOrphanClses()
2015.03.24 22:57:46.503 CST INFO: Postprocess: Generalized Concept Inclusion (0 axioms) ...  -- TriplePostProcessor.processGeneralizedConceptInclusions()
2015.03.24 22:57:46.505 CST INFO: 2 ms
 -- TriplePostProcessor.processGeneralizedConceptInclusions()
2015.03.24 22:57:46.505 CST INFO: Postprocess: Abstract classes...  -- TriplePostProcessor.processAbstractClasses()
2015.03.24 22:57:46.505 CST INFO: 0 ms
 -- TriplePostProcessor.processAbstractClasses()
2015.03.24 22:57:46.506 CST INFO: Postprocess: Domain and range of properties...  -- TriplePostProcessor.processDomainAndRange()
2015.03.24 22:57:46.506 CST INFO: 0 ms
 -- TriplePostProcessor.processDomainAndRange()
2015.03.24 22:57:46.507 CST INFO: Postprocess: Possibly typed entities (0 resources) ...  -- TriplePostProcessor.processPossiblyTypedResources()
2015.03.24 22:57:46.507 CST INFO: 0 ms
 -- TriplePostProcessor.processPossiblyTypedResources()
2015.03.24 22:57:46.507 CST INFO: Updating underlying frames model in 0 ms -- ProtegeOWLParser.doFinalPostProcessing()
